2021.01.08 02:04:02 INFO  Started: Metals version 0.9.8 in workspace 'C:\Users\zesha\OneDrive\Desktop\RevatureProjects\Zeshawn_Project1' for client vscode.
2021.01.08 02:04:05 INFO  time: initialize in 3.33s
2021.01.08 02:04:06 WARN  Build server is not auto-connectable.
2021.01.08 02:04:06 WARN  no build target for: C:\Users\zesha\OneDrive\Desktop\RevatureProjects\Zeshawn_Project1\build.sbt
2021.01.08 02:04:16 INFO  no build target: using presentation compiler with only scala-library
2021.01.08 02:07:11 INFO  running 'C:\Users\zesha\.jabba\jdk\adopt@1.11.0-9\bin\java -Djline.terminal=jline.UnsupportedTerminal -Dsbt.log.noformat=true -Dfile.encoding=UTF-8 -Dsbt.version=1.4.5 -jar C:\Users\zesha\AppData\Local\Temp\metals3644799753194035533\sbt-launch.jar -Dbloop.export-jar-classifiers=sources bloopInstall'
2021.01.08 02:07:15 INFO  [info] Updated file C:\Users\zesha\OneDrive\Desktop\RevatureProjects\Zeshawn_Project1\project\build.properties: set sbt.version to 1.4.5
2021.01.08 02:07:15 INFO  [info] welcome to sbt 1.4.5 (AdoptOpenJDK Java 11.0.9)
2021.01.08 02:07:19 INFO  [info] loading global plugins from C:\Users\zesha\.sbt\1.0\plugins
2021.01.08 02:07:28 INFO  [info] loading settings for project zeshawn_project1-build-build from metals.sbt ...
2021.01.08 02:07:28 INFO  [info] loading project definition from C:\Users\zesha\OneDrive\Desktop\RevatureProjects\Zeshawn_Project1\project\project
2021.01.08 02:07:31 INFO  [info] loading settings for project zeshawn_project1-build from metals.sbt ...
2021.01.08 02:07:31 INFO  [info] loading project definition from C:\Users\zesha\OneDrive\Desktop\RevatureProjects\Zeshawn_Project1\project
2021.01.08 02:07:36 INFO  [success] Generated .bloop\zeshawn_project1-build.json
2021.01.08 02:07:36 INFO  [success] Total time: 5 s, completed Jan 8, 2021, 2:07:36 AM
2021.01.08 02:07:38 INFO  [info] loading settings for project zeshawn_project1 from build.sbt ...
2021.01.08 02:07:38 INFO  [info] set current project to zeshawn_project1 (in build file:/C:/Users/zesha/OneDrive/Desktop/RevatureProjects/Zeshawn_Project1/)
2021.01.08 02:07:40 INFO  [success] Generated .bloop\zeshawn_project1-test.json
2021.01.08 02:07:40 INFO  [success] Generated .bloop\zeshawn_project1.json
2021.01.08 02:07:40 INFO  [success] Total time: 1 s, completed Jan 8, 2021, 2:07:40 AM
2021.01.08 02:07:40 INFO  sbt bloopInstall exit: 0
2021.01.08 02:07:40 INFO  time: ran 'sbt bloopInstall' in 29s
2021.01.08 02:07:40 INFO  Attempting to connect to the build server...
Starting the bsp launcher for bloop...
Opening a bsp server connection with 'bsp --protocol tcp --port 25440'...
Waiting for the bsp connection to come up...
[0m[32m[D][0m Loading 2 projects from 'c:\Users\zesha\OneDrive\Desktop\RevatureProjects\Zeshawn_Project1\.bloop'...
[0m[32m[D][0m Loading project from 'c:\Users\zesha\OneDrive\Desktop\RevatureProjects\Zeshawn_Project1\.bloop\zeshawn_project1.json'
[0m[32m[D][0m Loading project from 'c:\Users\zesha\OneDrive\Desktop\RevatureProjects\Zeshawn_Project1\.bloop\zeshawn_project1-test.json'
[0m[32m[D][0m Missing analysis file for project 'zeshawn_project1-test'
[0m[32m[D][0m Missing analysis file for project 'zeshawn_project1'
[0m[32m[D][0m Waiting for a connection at 127.0.0.1:25440...
The server is listening for incoming connections at tcp://127.0.0.1:25440...
Starting thread that pumps stdin and redirects it to the bsp server...
Starting thread that pumps server stdout and redirects it to the client stdout...
2021.01.08 02:07:42 INFO  tracing is disabled for protocol BSP, to enable tracing of incoming and outgoing JSON messages create an empty file at C:\Users\zesha\AppData\Local\scalameta\metals\cache\bsp.trace.json
2021.01.08 02:07:42 INFO  Attempting to connect to the build server...
Starting the bsp launcher for bloop...
Opening a bsp server connection with 'bsp --protocol tcp --port 44988'...
Waiting for the bsp connection to come up...
[0m[32m[D][0m Loading workspace settings from bloop.settings.json
[0m[32m[D][0m Waiting for a connection at 127.0.0.1:44988...
The server is listening for incoming connections at tcp://127.0.0.1:44988...
Starting thread that pumps stdin and redirects it to the bsp server...
Starting thread that pumps server stdout and redirects it to the client stdout...
2021.01.08 02:07:44 INFO  tracing is disabled for protocol BSP, to enable tracing of incoming and outgoing JSON messages create an empty file at C:\Users\zesha\AppData\Local\scalameta\metals\cache\bsp.trace.json
2021.01.08 02:07:44 INFO  time: connected to build server in 3.9s
2021.01.08 02:07:44 INFO  Connected to Build server v1.4.6-15-209c2a5c
2021.01.08 02:07:44 INFO  time: imported build in 0.2s
2021.01.08 02:07:57 INFO  time: indexed workspace in 13s
2021.01.08 02:08:46 INFO  running 'C:\Users\zesha\.jabba\jdk\adopt@1.11.0-9\bin\java -Djline.terminal=jline.UnsupportedTerminal -Dsbt.log.noformat=true -Dfile.encoding=UTF-8 -jar C:\Users\zesha\AppData\Local\Temp\metals17287928134320946373\sbt-launch.jar -Dbloop.export-jar-classifiers=sources bloopInstall'
2021.01.08 02:08:50 INFO  [info] welcome to sbt 1.4.5 (AdoptOpenJDK Java 11.0.9)
2021.01.08 02:08:55 INFO  [info] loading global plugins from C:\Users\zesha\.sbt\1.0\plugins
2021.01.08 02:08:58 INFO  [info] loading settings for project zeshawn_project1-build-build from metals.sbt ...
2021.01.08 02:08:58 INFO  [info] loading project definition from C:\Users\zesha\OneDrive\Desktop\RevatureProjects\Zeshawn_Project1\project\project
2021.01.08 02:08:58 INFO  [info] loading settings for project zeshawn_project1-build from metals.sbt ...
2021.01.08 02:08:59 INFO  [info] loading project definition from C:\Users\zesha\OneDrive\Desktop\RevatureProjects\Zeshawn_Project1\project
2021.01.08 02:09:04 INFO  [success] Generated .bloop\zeshawn_project1-build.json
2021.01.08 02:09:04 INFO  [success] Total time: 5 s, completed Jan 8, 2021, 2:09:04 AM
2021.01.08 02:09:09 INFO  [info] loading settings for project zeshawn_project1 from build.sbt ...
2021.01.08 02:09:09 INFO  [info] set current project to Zeshawn_Project1 (in build file:/C:/Users/zesha/OneDrive/Desktop/RevatureProjects/Zeshawn_Project1/)
2021.01.08 02:09:11 INFO  [success] Generated .bloop\zeshawn_project1-test.json
2021.01.08 02:09:11 INFO  [success] Generated .bloop\zeshawn_project1.json
2021.01.08 02:09:11 INFO  [success] Total time: 1 s, completed Jan 8, 2021, 2:09:11 AM
2021.01.08 02:09:11 INFO  sbt bloopInstall exit: 0
2021.01.08 02:09:11 INFO  time: ran 'sbt bloopInstall' in 24s
2021.01.08 02:09:11 INFO  Disconnecting from Bloop session...
2021.01.08 02:09:11 INFO  Shut down connection with build server.
No more data in the client stdin, exiting...
No more data in the server stdin, exiting...
2021.01.08 02:09:11 INFO  Shut down connection with build server.
No more data in the client stdin, exiting...
No more data in the server stdin, exiting...
2021.01.08 02:09:11 INFO  Attempting to connect to the build server...
Starting the bsp launcher for bloop...
Opening a bsp server connection with 'bsp --protocol tcp --port 27919'...
Waiting for the bsp connection to come up...
[0m[32m[D][0m Loading workspace settings from bloop.settings.json
[0m[32m[D][0m Loading 2 projects from 'c:\Users\zesha\OneDrive\Desktop\RevatureProjects\Zeshawn_Project1\.bloop'...
[0m[32m[D][0m Loading project from 'c:\Users\zesha\OneDrive\Desktop\RevatureProjects\Zeshawn_Project1\.bloop\zeshawn_project1-test.json'
[0m[32m[D][0m Loading project from 'c:\Users\zesha\OneDrive\Desktop\RevatureProjects\Zeshawn_Project1\.bloop\zeshawn_project1.json'
[0m[32m[D][0m Configured SemanticDB in projects 'zeshawn_project1-test', 'zeshawn_project1'
[0m[32m[D][0m Waiting for a connection at 127.0.0.1:27919...
The server is listening for incoming connections at tcp://127.0.0.1:27919...
Starting thread that pumps stdin and redirects it to the bsp server...
Starting thread that pumps server stdout and redirects it to the client stdout...
2021.01.08 02:09:12 INFO  tracing is disabled for protocol BSP, to enable tracing of incoming and outgoing JSON messages create an empty file at C:\Users\zesha\AppData\Local\scalameta\metals\cache\bsp.trace.json
2021.01.08 02:09:12 INFO  Attempting to connect to the build server...
Starting the bsp launcher for bloop...
Opening a bsp server connection with 'bsp --protocol tcp --port 27220'...
Waiting for the bsp connection to come up...
[0m[32m[D][0m Loading workspace settings from bloop.settings.json
[0m[32m[D][0m Waiting for a connection at 127.0.0.1:27220...
The server is listening for incoming connections at tcp://127.0.0.1:27220...
Starting thread that pumps stdin and redirects it to the bsp server...
Starting thread that pumps server stdout and redirects it to the client stdout...
2021.01.08 02:09:12 INFO  tracing is disabled for protocol BSP, to enable tracing of incoming and outgoing JSON messages create an empty file at C:\Users\zesha\AppData\Local\scalameta\metals\cache\bsp.trace.json
2021.01.08 02:09:12 INFO  time: connected to build server in 2.03s
2021.01.08 02:09:12 INFO  Connected to Build server v1.4.6-15-209c2a5c
2021.01.08 02:09:16 INFO  time: indexed workspace in 2.89s
2021.01.08 02:09:52 INFO  compiling zeshawn_project1 (1 scala source)
2021.01.08 02:09:55 INFO  time: compiled zeshawn_project1 in 2.26s
Jan 08, 2021 2:10:32 AM org.eclipse.lsp4j.jsonrpc.services.GenericEndpoint notify
INFO: Unsupported notification method: $/setTraceNotification
2021.01.08 02:10:49 INFO  compiling zeshawn_project1 (1 scala source)
2021.01.08 02:10:51 INFO  time: compiled zeshawn_project1 in 1.71s
2021.01.08 02:12:14 INFO  running 'C:\Users\zesha\.jabba\jdk\adopt@1.11.0-9\bin\java -Djline.terminal=jline.UnsupportedTerminal -Dsbt.log.noformat=true -Dfile.encoding=UTF-8 -jar C:\Users\zesha\AppData\Local\Temp\metals17380992308731108147\sbt-launch.jar -Dbloop.export-jar-classifiers=sources bloopInstall'
2021.01.08 02:12:16 INFO  [info] welcome to sbt 1.4.5 (AdoptOpenJDK Java 11.0.9)
2021.01.08 02:12:18 INFO  [info] loading global plugins from C:\Users\zesha\.sbt\1.0\plugins
2021.01.08 02:12:19 INFO  [info] loading settings for project zeshawn_project1-build-build from metals.sbt ...
2021.01.08 02:12:19 INFO  [info] loading project definition from C:\Users\zesha\OneDrive\Desktop\RevatureProjects\Zeshawn_Project1\project\project
2021.01.08 02:12:19 INFO  [info] loading settings for project zeshawn_project1-build from metals.sbt ...
2021.01.08 02:12:19 INFO  [info] loading project definition from C:\Users\zesha\OneDrive\Desktop\RevatureProjects\Zeshawn_Project1\project
2021.01.08 02:12:24 INFO  [success] Generated .bloop\zeshawn_project1-build.json
2021.01.08 02:12:24 INFO  [success] Total time: 4 s, completed Jan 8, 2021, 2:12:24 AM
2021.01.08 02:12:28 INFO  [info] loading settings for project zeshawn_project1 from build.sbt ...
2021.01.08 02:12:28 INFO  [info] set current project to Zeshawn_Project1 (in build file:/C:/Users/zesha/OneDrive/Desktop/RevatureProjects/Zeshawn_Project1/)
2021.01.08 02:13:06 INFO  [warn] There may be incompatibilities among your library dependencies; run 'evicted' to see detailed eviction warnings.
2021.01.08 02:13:17 INFO  [warn] There may be incompatibilities among your library dependencies; run 'evicted' to see detailed eviction warnings.
2021.01.08 02:13:25 INFO  [success] Generated .bloop\zeshawn_project1.json
2021.01.08 02:13:25 INFO  [success] Generated .bloop\zeshawn_project1-test.json
2021.01.08 02:13:25 INFO  [success] Total time: 56 s, completed Jan 8, 2021, 2:13:25 AM
2021.01.08 02:13:25 INFO  sbt bloopInstall exit: 0
2021.01.08 02:13:25 INFO  time: ran 'sbt bloopInstall' in 1m11s
2021.01.08 02:13:25 INFO  Disconnecting from Bloop session...
2021.01.08 02:13:25 INFO  Shut down connection with build server.
No more data in the client stdin, exiting...
No more data in the server stdin, exiting...
No more data in the server stdin, exiting...
2021.01.08 02:13:25 INFO  Shut down connection with build server.No more data in the server stdin, exiting...

No more data in the client stdin, exiting...
2021.01.08 02:13:25 INFO  Attempting to connect to the build server...
Starting the bsp launcher for bloop...
Opening a bsp server connection with 'bsp --protocol tcp --port 17818'...
Waiting for the bsp connection to come up...
[0m[32m[D][0m Loading workspace settings from bloop.settings.json
[0m[32m[D][0m Loading 2 projects from 'c:\Users\zesha\OneDrive\Desktop\RevatureProjects\Zeshawn_Project1\.bloop'...
[0m[32m[D][0m Loading project from 'c:\Users\zesha\OneDrive\Desktop\RevatureProjects\Zeshawn_Project1\.bloop\zeshawn_project1.json'
[0m[32m[D][0m Loading project from 'c:\Users\zesha\OneDrive\Desktop\RevatureProjects\Zeshawn_Project1\.bloop\zeshawn_project1-test.json'
[0m[32m[D][0m Configured SemanticDB in projects 'zeshawn_project1', 'zeshawn_project1-test'
[0m[32m[D][0m Waiting for a connection at 127.0.0.1:17818...
The server is listening for incoming connections at tcp://127.0.0.1:17818...
Starting thread that pumps stdin and redirects it to the bsp server...
Starting thread that pumps server stdout and redirects it to the client stdout...
2021.01.08 02:13:25 INFO  tracing is disabled for protocol BSP, to enable tracing of incoming and outgoing JSON messages create an empty file at C:\Users\zesha\AppData\Local\scalameta\metals\cache\bsp.trace.json
2021.01.08 02:13:25 INFO  Attempting to connect to the build server...
Starting the bsp launcher for bloop...
Opening a bsp server connection with 'bsp --protocol tcp --port 38351'...
Waiting for the bsp connection to come up...
[0m[32m[D][0m Loading workspace settings from bloop.settings.json
[0m[32m[D][0m Waiting for a connection at 127.0.0.1:38351...
The server is listening for incoming connections at tcp://127.0.0.1:38351...
Starting thread that pumps stdin and redirects it to the bsp server...
Starting thread that pumps server stdout and redirects it to the client stdout...
2021.01.08 02:13:26 INFO  tracing is disabled for protocol BSP, to enable tracing of incoming and outgoing JSON messages create an empty file at C:\Users\zesha\AppData\Local\scalameta\metals\cache\bsp.trace.json
2021.01.08 02:13:26 INFO  time: connected to build server in 1.56s
2021.01.08 02:13:26 INFO  Connected to Build server v1.4.6-15-209c2a5c
2021.01.08 02:13:26 INFO  time: imported build in 0.1s
2021.01.08 02:13:35 INFO  time: indexed workspace in 8.92s
Jan 08, 2021 2:25:04 AM org.eclipse.lsp4j.jsonrpc.RemoteEndpoint handleCancellation
WARNING: Unmatched cancel notification for request id 226
Jan 08, 2021 2:25:04 AM org.eclipse.lsp4j.jsonrpc.RemoteEndpoint handleCancellation
WARNING: Unmatched cancel notification for request id 228
2021.01.08 02:25:06 INFO  compiling zeshawn_project1 (1 scala source)
2021.01.08 02:25:08 INFO  time: compiled zeshawn_project1 in 1.6s
2021.01.08 02:26:15 INFO  compiling zeshawn_project1 (1 scala source)
2021.01.08 02:26:18 INFO  time: compiled zeshawn_project1 in 2.53s
2021.01.08 02:26:51 INFO  compiling zeshawn_project1 (1 scala source)
2021.01.08 02:26:52 INFO  time: compiled zeshawn_project1 in 1.17s
Jan 08, 2021 2:27:13 AM org.eclipse.lsp4j.jsonrpc.RemoteEndpoint handleCancellation
WARNING: Unmatched cancel notification for request id 437
Jan 08, 2021 2:27:13 AM org.eclipse.lsp4j.jsonrpc.RemoteEndpoint handleCancellation
WARNING: Unmatched cancel notification for request id 439
Jan 08, 2021 2:27:13 AM org.eclipse.lsp4j.jsonrpc.RemoteEndpoint handleCancellation
WARNING: Unmatched cancel notification for request id 436
2021.01.08 02:27:42 INFO  compiling zeshawn_project1 (1 scala source)
2021.01.08 02:27:43 INFO  time: compiled zeshawn_project1 in 1.03s
2021.01.08 02:28:46 INFO  compiling zeshawn_project1 (1 scala source)
2021.01.08 02:28:46 INFO  time: compiled zeshawn_project1 in 0.33s
Jan 08, 2021 2:29:56 AM scala.meta.internal.pc.CompletionProvider expected$1
WARNING: offset 287, count -1, length 298
2021.01.08 02:30:32 INFO  compiling zeshawn_project1 (1 scala source)
2021.01.08 02:30:32 INFO  time: compiled zeshawn_project1 in 0.32s
Jan 08, 2021 2:30:40 AM org.eclipse.lsp4j.jsonrpc.RemoteEndpoint handleCancellation
WARNING: Unmatched cancel notification for request id 805
2021.01.08 02:30:43 INFO  compiling zeshawn_project1 (1 scala source)
2021.01.08 02:30:43 INFO  time: compiled zeshawn_project1 in 0.32s
2021.01.08 02:30:47 INFO  compiling zeshawn_project1 (1 scala source)
2021.01.08 02:30:47 INFO  time: compiled zeshawn_project1 in 0.3s
2021.01.08 02:31:26 INFO  compiling zeshawn_project1 (1 scala source)
2021.01.08 02:31:28 INFO  time: compiled zeshawn_project1 in 1.3s
Jan 08, 2021 2:39:55 AM scala.meta.internal.pc.CompletionProvider expected$1
WARNING: offset 342, count -1, length 440
2021.01.08 02:40:51 INFO  compiling zeshawn_project1 (1 scala source)
2021.01.08 02:40:51 INFO  time: compiled zeshawn_project1 in 0.98s
Jan 08, 2021 2:42:11 AM org.eclipse.lsp4j.jsonrpc.RemoteEndpoint handleCancellation
WARNING: Unmatched cancel notification for request id 1178
2021.01.08 02:43:34 INFO  compiling zeshawn_project1 (1 scala source)
2021.01.08 02:43:36 INFO  time: compiled zeshawn_project1 in 1.5s
2021.01.08 02:43:57 INFO  compiling zeshawn_project1 (1 scala source)
2021.01.08 02:43:58 INFO  time: compiled zeshawn_project1 in 1.49s
2021.01.08 03:05:09 INFO  skipping build import with status 'Installed'
